TN:
SF:./dist/Butter.js
FN:52,(anonymous_1)
FN:67,(anonymous_2)
FN:95,(anonymous_3)
FN:97,(anonymous_4)
FN:108,(anonymous_5)
FN:110,(anonymous_6)
FN:114,(anonymous_7)
FN:117,(anonymous_8)
FN:132,(anonymous_9)
FN:139,(anonymous_10)
FN:147,(anonymous_11)
FN:148,(anonymous_12)
FN:162,(anonymous_13)
FN:166,(anonymous_14)
FN:169,(anonymous_15)
FN:172,(anonymous_16)
FN:175,(anonymous_17)
FN:195,(anonymous_18)
FN:219,(anonymous_19)
FN:229,(anonymous_20)
FN:252,(anonymous_21)
FN:261,(anonymous_22)
FN:283,(anonymous_23)
FN:296,(anonymous_24)
FN:314,(anonymous_25)
FN:328,(anonymous_26)
FN:338,(anonymous_27)
FN:361,(anonymous_28)
FN:367,(anonymous_29)
FN:376,(anonymous_30)
FN:384,(anonymous_31)
FN:392,(anonymous_32)
FN:405,(anonymous_33)
FN:410,(anonymous_34)
FN:423,(anonymous_35)
FN:451,(anonymous_36)
FN:464,(anonymous_37)
FN:471,(anonymous_38)
FN:490,(anonymous_39)
FN:492,(anonymous_40)
FN:505,(anonymous_41)
FN:508,(anonymous_42)
FN:516,(anonymous_43)
FN:522,(anonymous_44)
FNF:44
FNH:12
FNDA:1,(anonymous_1)
FNDA:1,(anonymous_2)
FNDA:0,(anonymous_3)
FNDA:0,(anonymous_4)
FNDA:0,(anonymous_5)
FNDA:0,(anonymous_6)
FNDA:0,(anonymous_7)
FNDA:0,(anonymous_8)
FNDA:0,(anonymous_9)
FNDA:0,(anonymous_10)
FNDA:0,(anonymous_11)
FNDA:0,(anonymous_12)
FNDA:1,(anonymous_13)
FNDA:1,(anonymous_14)
FNDA:3,(anonymous_15)
FNDA:0,(anonymous_16)
FNDA:2,(anonymous_17)
FNDA:0,(anonymous_18)
FNDA:1,(anonymous_19)
FNDA:1,(anonymous_20)
FNDA:0,(anonymous_21)
FNDA:3,(anonymous_22)
FNDA:1,(anonymous_23)
FNDA:2,(anonymous_24)
FNDA:0,(anonymous_25)
FNDA:0,(anonymous_26)
FNDA:1,(anonymous_27)
FNDA:0,(anonymous_28)
FNDA:0,(anonymous_29)
FNDA:0,(anonymous_30)
FNDA:0,(anonymous_31)
FNDA:0,(anonymous_32)
FNDA:0,(anonymous_33)
FNDA:0,(anonymous_34)
FNDA:0,(anonymous_35)
FNDA:0,(anonymous_36)
FNDA:0,(anonymous_37)
FNDA:0,(anonymous_38)
FNDA:0,(anonymous_39)
FNDA:0,(anonymous_40)
FNDA:0,(anonymous_41)
FNDA:0,(anonymous_42)
FNDA:0,(anonymous_43)
FNDA:0,(anonymous_44)
DA:52,1
DA:53,1
DA:55,1
DA:56,0
DA:60,0
DA:61,0
DA:62,0
DA:65,0
DA:72,1
DA:77,1
DA:90,1
DA:96,0
DA:98,0
DA:109,0
DA:111,0
DA:115,0
DA:118,0
DA:127,1
DA:133,0
DA:140,0
DA:141,0
DA:148,0
DA:149,0
DA:150,0
DA:158,1
DA:163,1
DA:167,1
DA:170,3
DA:173,0
DA:176,2
DA:180,2
DA:181,2
DA:183,2
DA:184,3
DA:185,3
DA:186,3
DA:189,2
DA:190,0
DA:193,2
DA:196,0
DA:197,0
DA:198,0
DA:199,0
DA:201,0
DA:205,0
DA:206,0
DA:207,0
DA:209,0
DA:210,0
DA:211,0
DA:219,1
DA:224,1
DA:229,1
DA:231,1
DA:235,1
DA:237,1
DA:239,1
DA:241,1
DA:243,1
DA:244,1
DA:246,1
DA:252,1
DA:253,0
DA:261,1
DA:262,3
DA:265,3
DA:266,1
DA:267,2
DA:269,2
DA:272,0
DA:274,0
DA:283,1
DA:286,1
DA:291,1
DA:293,0
DA:296,1
DA:297,2
DA:299,1
DA:303,1
DA:304,1
DA:307,1
DA:314,1
DA:316,0
DA:318,0
DA:319,0
DA:322,0
DA:328,1
DA:329,0
DA:331,0
DA:338,1
DA:340,1
DA:341,1
DA:343,1
DA:345,1
DA:350,1
DA:351,0
DA:353,1
DA:361,1
DA:362,0
DA:367,1
DA:368,0
DA:369,0
DA:370,0
DA:376,1
DA:377,0
DA:378,0
DA:384,1
DA:385,0
DA:386,0
DA:392,1
DA:393,0
DA:394,0
DA:395,0
DA:399,1
DA:405,1
DA:410,0
DA:412,0
DA:414,0
DA:415,0
DA:416,0
DA:417,0
DA:419,0
DA:420,0
DA:423,0
DA:424,0
DA:425,0
DA:426,0
DA:427,0
DA:428,0
DA:430,0
DA:431,0
DA:432,0
DA:438,0
DA:439,0
DA:442,0
DA:444,0
DA:451,0
DA:452,0
DA:453,0
DA:454,0
DA:455,0
DA:457,0
DA:464,0
DA:465,0
DA:471,0
DA:473,0
DA:475,0
DA:476,0
DA:479,0
DA:484,0
DA:490,0
DA:491,0
DA:492,0
DA:493,0
DA:494,0
DA:495,0
DA:498,0
DA:505,0
DA:506,0
DA:508,0
DA:509,0
DA:513,0
DA:516,0
DA:522,0
DA:523,0
DA:524,0
DA:528,0
DA:529,0
DA:531,0
DA:532,0
DA:536,0
DA:539,1
LF:172
LH:64
BRDA:53,1,0,1
BRDA:53,1,1,0
BRDA:53,2,0,1
BRDA:53,2,1,1
BRDA:56,3,0,0
BRDA:56,3,1,0
BRDA:140,4,0,0
BRDA:140,4,1,0
BRDA:163,5,0,0
BRDA:163,5,1,1
BRDA:180,6,0,2
BRDA:180,6,1,2
BRDA:181,7,0,2
BRDA:181,7,1,2
BRDA:183,8,0,5
BRDA:183,8,1,3
BRDA:189,9,0,0
BRDA:189,9,1,2
BRDA:198,10,0,0
BRDA:198,10,1,0
BRDA:205,11,0,0
BRDA:205,11,1,0
BRDA:205,12,0,0
BRDA:205,12,1,0
BRDA:243,13,0,1
BRDA:243,13,1,0
BRDA:265,14,0,1
BRDA:265,14,1,2
BRDA:267,15,0,2
BRDA:267,15,1,0
BRDA:291,16,0,0
BRDA:291,16,1,1
BRDA:303,17,0,1
BRDA:303,17,1,0
BRDA:318,18,0,0
BRDA:318,18,1,0
BRDA:318,19,0,0
BRDA:318,19,1,0
BRDA:343,20,0,1
BRDA:343,20,1,0
BRDA:350,21,0,0
BRDA:350,21,1,1
BRDA:368,22,0,0
BRDA:368,22,1,0
BRDA:377,23,0,0
BRDA:377,23,1,0
BRDA:385,24,0,0
BRDA:385,24,1,0
BRDA:424,25,0,0
BRDA:424,25,1,0
BRDA:426,26,0,0
BRDA:426,26,1,0
BRDA:427,27,0,0
BRDA:427,27,1,0
BRDA:431,28,0,0
BRDA:431,28,1,0
BRDA:438,29,0,0
BRDA:438,29,1,0
BRDA:452,30,0,0
BRDA:452,30,1,0
BRDA:454,31,0,0
BRDA:454,31,1,0
BRDA:475,32,0,0
BRDA:475,32,1,0
BRDA:493,33,0,0
BRDA:493,33,1,0
BRDA:528,34,0,0
BRDA:528,34,1,0
BRF:68
BRH:19
end_of_record
